c:\users\mssi\documents\visual studio 2015\projects\music\music\debug\vc140.pdb
c:\users\mssi\documents\visual studio 2015\projects\music\music\debug\myform2.nativecodeanalysis.xml
c:\users\mssi\documents\visual studio 2015\projects\music\music\debug\myform1.nativecodeanalysis.xml
c:\users\mssi\documents\visual studio 2015\projects\music\music\debug\myform.nativecodeanalysis.xml
c:\users\mssi\documents\visual studio 2015\projects\music\music\debug\myform.obj
c:\users\mssi\documents\visual studio 2015\projects\music\music\debug\myform1.obj
c:\users\mssi\documents\visual studio 2015\projects\music\music\debug\myform2.obj
c:\users\mssi\documents\visual studio 2015\projects\music\music\debug\.netframework,version=v4.5.2.assemblyattributes.nativecodeanalysis.xml
c:\users\mssi\documents\visual studio 2015\projects\music\music\debug\.netframework,version=v4.5.2.assemblyattributes.obj
c:\users\mssi\documents\visual studio 2015\projects\music\music\debug\.netframework,version=v4.5.2.assemblyattributes.asm
c:\users\mssi\documents\visual studio 2015\projects\music\music\debug\music.myform.resources
c:\users\mssi\documents\visual studio 2015\projects\music\music\debug\music.myform1.resources
c:\users\mssi\documents\visual studio 2015\projects\music\music\debug\music.myform2.resources
c:\users\mssi\documents\visual studio 2015\projects\music\music\debug\music.vcxproj.generateresource.cache
c:\users\mssi\documents\visual studio 2015\projects\music\debug\music.exe
c:\users\mssi\documents\visual studio 2015\projects\music\music\debug\music.tlog\cl.command.1.tlog
c:\users\mssi\documents\visual studio 2015\projects\music\music\debug\music.tlog\cl.read.1.tlog
c:\users\mssi\documents\visual studio 2015\projects\music\music\debug\music.tlog\cl.write.1.tlog
c:\users\mssi\documents\visual studio 2015\projects\music\music\debug\music.tlog\link.command.1.tlog
c:\users\mssi\documents\visual studio 2015\projects\music\music\debug\music.tlog\link.read.1.tlog
c:\users\mssi\documents\visual studio 2015\projects\music\music\debug\music.tlog\link.write.1.tlog
c:\users\mssi\documents\visual studio 2015\projects\music\music\debug\music.tlog\metagen.read.1.tlog
c:\users\mssi\documents\visual studio 2015\projects\music\music\debug\music.tlog\metagen.write.1.tlog
c:\users\mssi\documents\visual studio 2015\projects\music\music\debug\music.tlog\music.write.1u.tlog
c:\users\mssi\documents\visual studio 2015\projects\music\music\debug\music.tlog\msxml6r.dll.bi
c:\users\mssi\documents\visual studio 2015\projects\music\music\debug\music.tlog\tzres.dll.bi
