  MyForm.cpp
c:\users\mssi\documents\visual studio 2015\projects\music\music\MyMus.h(64): warning C4996: 'strcpy': This function or variable may be unsafe. Consider using strcpy_s instead. To disable deprecation, use _CRT_SECURE_NO_WARNINGS. See online help for details.
  C:\Program Files (x86)\Windows Kits\10\Include\10.0.10240.0\ucrt\string.h(119): note: see declaration of 'strcpy'
c:\users\mssi\documents\visual studio 2015\projects\music\music\MyMus.h(68): warning C4996: 'strcat': This function or variable may be unsafe. Consider using strcat_s instead. To disable deprecation, use _CRT_SECURE_NO_WARNINGS. See online help for details.
  C:\Program Files (x86)\Windows Kits\10\Include\10.0.10240.0\ucrt\string.h(90): note: see declaration of 'strcat'
c:\users\mssi\documents\visual studio 2015\projects\music\music\MyMus.h(69): warning C4996: 'strcat': This function or variable may be unsafe. Consider using strcat_s instead. To disable deprecation, use _CRT_SECURE_NO_WARNINGS. See online help for details.
  C:\Program Files (x86)\Windows Kits\10\Include\10.0.10240.0\ucrt\string.h(90): note: see declaration of 'strcat'
c:\users\mssi\documents\visual studio 2015\projects\music\music\MyMus.h(70): warning C4996: 'fopen': This function or variable may be unsafe. Consider using fopen_s instead. To disable deprecation, use _CRT_SECURE_NO_WARNINGS. See online help for details.
  C:\Program Files (x86)\Windows Kits\10\Include\10.0.10240.0\ucrt\stdio.h(205): note: see declaration of 'fopen'
c:\users\mssi\documents\visual studio 2015\projects\music\music\MyMus.h(88): warning C4996: 'wcscpy': This function or variable may be unsafe. Consider using wcscpy_s instead. To disable deprecation, use _CRT_SECURE_NO_WARNINGS. See online help for details.
  C:\Program Files (x86)\Windows Kits\10\Include\10.0.10240.0\ucrt\corecrt_wstring.h(121): note: see declaration of 'wcscpy'
c:\users\mssi\documents\visual studio 2015\projects\music\music\MyMus.h(89): warning C4996: 'wcscat': This function or variable may be unsafe. Consider using wcscat_s instead. To disable deprecation, use _CRT_SECURE_NO_WARNINGS. See online help for details.
  C:\Program Files (x86)\Windows Kits\10\Include\10.0.10240.0\ucrt\corecrt_wstring.h(101): note: see declaration of 'wcscat'
c:\users\mssi\documents\visual studio 2015\projects\music\music\MyMus.h(123): warning C4996: 'fopen': This function or variable may be unsafe. Consider using fopen_s instead. To disable deprecation, use _CRT_SECURE_NO_WARNINGS. See online help for details.
  C:\Program Files (x86)\Windows Kits\10\Include\10.0.10240.0\ucrt\stdio.h(205): note: see declaration of 'fopen'
c:\users\mssi\documents\visual studio 2015\projects\music\music\MyMus.h(139): warning C4101: 'snd': unreferenced local variable
c:\users\mssi\documents\visual studio 2015\projects\music\music\MyForm.h(805): warning C4677: 'MyM': signature of non-private member contains assembly private type 'MyMus'
  c:\users\mssi\documents\visual studio 2015\projects\music\music\MyMus.h(41): note: see declaration of 'MyMus'
c:\users\mssi\documents\visual studio 2015\projects\music\music\MyForm.h(976): warning C4101: 'bt5': unreferenced local variable
c:\users\mssi\documents\visual studio 2015\projects\music\music\MyForm.h(977): warning C4101: 'bt15': unreferenced local variable
c:\users\mssi\documents\visual studio 2015\projects\music\music\MyForm.h(976): warning C4101: 'bt6': unreferenced local variable
  MyForm1.cpp
c:\users\mssi\documents\visual studio 2015\projects\music\music\MyMus.h(64): warning C4996: 'strcpy': This function or variable may be unsafe. Consider using strcpy_s instead. To disable deprecation, use _CRT_SECURE_NO_WARNINGS. See online help for details.
  C:\Program Files (x86)\Windows Kits\10\Include\10.0.10240.0\ucrt\string.h(119): note: see declaration of 'strcpy'
c:\users\mssi\documents\visual studio 2015\projects\music\music\MyMus.h(68): warning C4996: 'strcat': This function or variable may be unsafe. Consider using strcat_s instead. To disable deprecation, use _CRT_SECURE_NO_WARNINGS. See online help for details.
  C:\Program Files (x86)\Windows Kits\10\Include\10.0.10240.0\ucrt\string.h(90): note: see declaration of 'strcat'
c:\users\mssi\documents\visual studio 2015\projects\music\music\MyMus.h(69): warning C4996: 'strcat': This function or variable may be unsafe. Consider using strcat_s instead. To disable deprecation, use _CRT_SECURE_NO_WARNINGS. See online help for details.
  C:\Program Files (x86)\Windows Kits\10\Include\10.0.10240.0\ucrt\string.h(90): note: see declaration of 'strcat'
c:\users\mssi\documents\visual studio 2015\projects\music\music\MyMus.h(70): warning C4996: 'fopen': This function or variable may be unsafe. Consider using fopen_s instead. To disable deprecation, use _CRT_SECURE_NO_WARNINGS. See online help for details.
  C:\Program Files (x86)\Windows Kits\10\Include\10.0.10240.0\ucrt\stdio.h(205): note: see declaration of 'fopen'
c:\users\mssi\documents\visual studio 2015\projects\music\music\MyMus.h(88): warning C4996: 'wcscpy': This function or variable may be unsafe. Consider using wcscpy_s instead. To disable deprecation, use _CRT_SECURE_NO_WARNINGS. See online help for details.
  C:\Program Files (x86)\Windows Kits\10\Include\10.0.10240.0\ucrt\corecrt_wstring.h(121): note: see declaration of 'wcscpy'
c:\users\mssi\documents\visual studio 2015\projects\music\music\MyMus.h(89): warning C4996: 'wcscat': This function or variable may be unsafe. Consider using wcscat_s instead. To disable deprecation, use _CRT_SECURE_NO_WARNINGS. See online help for details.
  C:\Program Files (x86)\Windows Kits\10\Include\10.0.10240.0\ucrt\corecrt_wstring.h(101): note: see declaration of 'wcscat'
c:\users\mssi\documents\visual studio 2015\projects\music\music\MyMus.h(123): warning C4996: 'fopen': This function or variable may be unsafe. Consider using fopen_s instead. To disable deprecation, use _CRT_SECURE_NO_WARNINGS. See online help for details.
  C:\Program Files (x86)\Windows Kits\10\Include\10.0.10240.0\ucrt\stdio.h(205): note: see declaration of 'fopen'
c:\users\mssi\documents\visual studio 2015\projects\music\music\MyMus.h(139): warning C4101: 'snd': unreferenced local variable
c:\users\mssi\documents\visual studio 2015\projects\music\music\MyForm.h(805): warning C4677: 'MyM': signature of non-private member contains assembly private type 'MyMus'
  c:\users\mssi\documents\visual studio 2015\projects\music\music\MyMus.h(41): note: see declaration of 'MyMus'
c:\users\mssi\documents\visual studio 2015\projects\music\music\MyForm.h(976): warning C4101: 'bt5': unreferenced local variable
c:\users\mssi\documents\visual studio 2015\projects\music\music\MyForm.h(977): warning C4101: 'bt15': unreferenced local variable
c:\users\mssi\documents\visual studio 2015\projects\music\music\MyForm.h(976): warning C4101: 'bt6': unreferenced local variable
  MyForm2.cpp
c:\users\mssi\documents\visual studio 2015\projects\music\music\MyMus.h(64): warning C4996: 'strcpy': This function or variable may be unsafe. Consider using strcpy_s instead. To disable deprecation, use _CRT_SECURE_NO_WARNINGS. See online help for details.
  C:\Program Files (x86)\Windows Kits\10\Include\10.0.10240.0\ucrt\string.h(119): note: see declaration of 'strcpy'
c:\users\mssi\documents\visual studio 2015\projects\music\music\MyMus.h(68): warning C4996: 'strcat': This function or variable may be unsafe. Consider using strcat_s instead. To disable deprecation, use _CRT_SECURE_NO_WARNINGS. See online help for details.
  C:\Program Files (x86)\Windows Kits\10\Include\10.0.10240.0\ucrt\string.h(90): note: see declaration of 'strcat'
c:\users\mssi\documents\visual studio 2015\projects\music\music\MyMus.h(69): warning C4996: 'strcat': This function or variable may be unsafe. Consider using strcat_s instead. To disable deprecation, use _CRT_SECURE_NO_WARNINGS. See online help for details.
  C:\Program Files (x86)\Windows Kits\10\Include\10.0.10240.0\ucrt\string.h(90): note: see declaration of 'strcat'
c:\users\mssi\documents\visual studio 2015\projects\music\music\MyMus.h(70): warning C4996: 'fopen': This function or variable may be unsafe. Consider using fopen_s instead. To disable deprecation, use _CRT_SECURE_NO_WARNINGS. See online help for details.
  C:\Program Files (x86)\Windows Kits\10\Include\10.0.10240.0\ucrt\stdio.h(205): note: see declaration of 'fopen'
c:\users\mssi\documents\visual studio 2015\projects\music\music\MyMus.h(88): warning C4996: 'wcscpy': This function or variable may be unsafe. Consider using wcscpy_s instead. To disable deprecation, use _CRT_SECURE_NO_WARNINGS. See online help for details.
  C:\Program Files (x86)\Windows Kits\10\Include\10.0.10240.0\ucrt\corecrt_wstring.h(121): note: see declaration of 'wcscpy'
c:\users\mssi\documents\visual studio 2015\projects\music\music\MyMus.h(89): warning C4996: 'wcscat': This function or variable may be unsafe. Consider using wcscat_s instead. To disable deprecation, use _CRT_SECURE_NO_WARNINGS. See online help for details.
  C:\Program Files (x86)\Windows Kits\10\Include\10.0.10240.0\ucrt\corecrt_wstring.h(101): note: see declaration of 'wcscat'
c:\users\mssi\documents\visual studio 2015\projects\music\music\MyMus.h(123): warning C4996: 'fopen': This function or variable may be unsafe. Consider using fopen_s instead. To disable deprecation, use _CRT_SECURE_NO_WARNINGS. See online help for details.
  C:\Program Files (x86)\Windows Kits\10\Include\10.0.10240.0\ucrt\stdio.h(205): note: see declaration of 'fopen'
c:\users\mssi\documents\visual studio 2015\projects\music\music\MyMus.h(139): warning C4101: 'snd': unreferenced local variable
c:\users\mssi\documents\visual studio 2015\projects\music\music\MyForm.h(805): warning C4677: 'MyM': signature of non-private member contains assembly private type 'MyMus'
  c:\users\mssi\documents\visual studio 2015\projects\music\music\MyMus.h(41): note: see declaration of 'MyMus'
c:\users\mssi\documents\visual studio 2015\projects\music\music\MyForm.h(976): warning C4101: 'bt5': unreferenced local variable
c:\users\mssi\documents\visual studio 2015\projects\music\music\MyForm.h(977): warning C4101: 'bt15': unreferenced local variable
c:\users\mssi\documents\visual studio 2015\projects\music\music\MyForm.h(976): warning C4101: 'bt6': unreferenced local variable
  MyMus.cpp
c:\users\mssi\documents\visual studio 2015\projects\music\music\MyMus.h(139): warning C4101: 'snd': unreferenced local variable
  Generating Code...
c:\users\mssi\documents\visual studio 2015\projects\music\music\mymus.h(141): warning C4700: uninitialized local variable 'dur' used
c:\users\mssi\documents\visual studio 2015\projects\music\music\mymus.h(141): warning C4700: uninitialized local variable 'dur' used
c:\users\mssi\documents\visual studio 2015\projects\music\music\mymus.h(141): warning C4700: uninitialized local variable 'dur' used
c:\users\mssi\documents\visual studio 2015\projects\music\music\mymus.h(141): warning C4700: uninitialized local variable 'dur' used
  .NETFramework,Version=v4.5.2.AssemblyAttributes.cpp
  Music.vcxproj -> C:\Users\mssi\Documents\Visual Studio 2015\Projects\Music\Debug\Music.exe
  Music.vcxproj -> C:\Users\mssi\Documents\Visual Studio 2015\Projects\Music\Debug\Music.pdb (Full PDB)
